<?xml version="1.0" encoding="UTF-8"?>
<testsuite xmlns:xsi="http://www.w3.org/2001/XMLSchema-instance" xsi:noNamespaceSchemaLocation="https://maven.apache.org/surefire/maven-surefire-plugin/xsd/surefire-test-report-3.0.xsd" version="3.0" name="CStringTestSuite" time="0.036" tests="40" errors="0" skipped="0" failures="0">
  <properties>
[...]
</properties>
  <testcase name="maxMirrorCStringOverload2" classname="CStringTestSuite" time="0.007"/>
  <testcase name="maxMirrorCStringOverload3" classname="CStringTestSuite" time="0.0"/>
  <testcase name="toNumericalWithOffset" classname="CStringTestSuite" time="0.001"/>
  <testcase name="rotateExample1" classname="CStringTestSuite" time="0.0"/>
  <testcase name="rotateExample2" classname="CStringTestSuite" time="0.0"/>
  <testcase name="rotateExample3" classname="CStringTestSuite" time="0.0"/>
  <testcase name="rotateWraparound" classname="CStringTestSuite" time="0.0"/>
  <testcase name="toNumericalWithNegativeOffset" classname="CStringTestSuite" time="0.001"/>
  <testcase name="toNumericalNoOffset" classname="CStringTestSuite" time="0.0"/>
  <testcase name="maxMirrorIntArrayExample1" classname="CStringTestSuite" time="0.001">
    <system-out><![CDATA[3
]]></system-out>
  </testcase>
  <testcase name="maxMirrorIntArrayExample2" classname="CStringTestSuite" time="0.0">
    <system-out><![CDATA[3
]]></system-out>
  </testcase>
  <testcase name="maxMirrorIntArrayExample3" classname="CStringTestSuite" time="0.001">
    <system-out><![CDATA[1
2
]]></system-out>
  </testcase>
  <testcase name="maxMirrorIntArrayExample4" classname="CStringTestSuite" time="0.0">
    <system-out><![CDATA[1
7
]]></system-out>
  </testcase>
  <testcase name="maxMirrorIntArrayExample5" classname="CStringTestSuite" time="0.0"/>
  <testcase name="maxMirrorIntArrayExample6" classname="CStringTestSuite" time="0.0">
    <system-out><![CDATA[9
]]></system-out>
  </testcase>
  <testcase name="maxMirrorIntArrayExample7" classname="CStringTestSuite" time="0.0">
    <system-out><![CDATA[1
3
4
]]></system-out>
  </testcase>
  <testcase name="maxMirrorIntArrayExample8" classname="CStringTestSuite" time="0.0">
    <system-out><![CDATA[1
]]></system-out>
  </testcase>
  <testcase name="decryptExample1" classname="CStringTestSuite" time="0.0"/>
  <testcase name="decryptExample2" classname="CStringTestSuite" time="0.001"/>
  <testcase name="decryptExample3" classname="CStringTestSuite" time="0.0"/>
  <testcase name="nestedSequenceTrueCase" classname="CStringTestSuite" time="0.001"/>
  <testcase name="constructorStoresCharacters" classname="CStringTestSuite" time="0.0"/>
  <testcase name="palindromeIgnoresCaseAndSpaces" classname="CStringTestSuite" time="0.003"/>
  <testcase name="sortAscendingHandlesDuplicates" classname="CStringTestSuite" time="0.0"/>
  <testcase name="maxMirrorCStringOverload" classname="CStringTestSuite" time="0.0"/>
  <testcase name="memeifyExample3" classname="CStringTestSuite" time="0.001"/>
  <testcase name="memeifyExample4" classname="CStringTestSuite" time="0.0"/>
  <testcase name="memeifyExample5" classname="CStringTestSuite" time="0.0"/>
  <testcase name="memeifyExample6" classname="CStringTestSuite" time="0.0"/>
  <testcase name="nestedSequenceFalseCase" classname="CStringTestSuite" time="0.0"/>
  <testcase name="reverseHandlesOddLength" classname="CStringTestSuite" time="0.0"/>
  <testcase name="palindromeSingleChar" classname="CStringTestSuite" time="0.0"/>
  <testcase name="sortAscendingOrdersCharacters" classname="CStringTestSuite" time="0.0"/>
  <testcase name="nestedSequenceCase3" classname="CStringTestSuite" time="0.0"/>
  <testcase name="memeifySimpleCase" classname="CStringTestSuite" time="0.0"/>
  <testcase name="sortDescendingHandlesDuplicates" classname="CStringTestSuite" time="0.001">
    <system-out><![CDATA[nnbaaa
]]></system-out>
  </testcase>
  <testcase name="reverseMutatesCString" classname="CStringTestSuite" time="0.0"/>
  <testcase name="palindromeFalseCase" classname="CStringTestSuite" time="0.0"/>
  <testcase name="sortDescendingOrdersCharacters" classname="CStringTestSuite" time="0.0">
    <system-out><![CDATA[zreba
]]></system-out>
  </testcase>
  <testcase name="memeifyMultiplePairs" classname="CStringTestSuite" time="0.0"/>
</testsuite>